<?xml version="1.0" encoding="UTF-8"?>
<testng-results skipped="0" failed="0" total="1" passed="1">
  <reporter-output>
  </reporter-output>
  <suite name="Default suite" duration-ms="10892" started-at="2022-05-06T15:16:17Z" finished-at="2022-05-06T15:16:28Z">
    <groups>
    </groups>
    <test name="Default test" duration-ms="10892" started-at="2022-05-06T15:16:17Z" finished-at="2022-05-06T15:16:28Z">
      <class name="ddt.ExcelUpdate">
        <test-method status="PASS" signature="loginIntoActitme()[pri:0, instance:ddt.ExcelUpdate@794cb805]" name="loginIntoActitme" duration-ms="10876" started-at="2022-05-06T20:46:17Z" finished-at="2022-05-06T20:46:28Z">
          <reporter-output>
          </reporter-output>
        </test-method> <!-- loginIntoActitme -->
      </class> <!-- ddt.ExcelUpdate -->
    </test> <!-- Default test -->
  </suite> <!-- Default suite -->
</testng-results>
